0 info it worked if it ends with ok
1 verbose cli [ '/var/www/dh/nodeenvir/bin/node',
1 verbose cli   '/var/www/dh/nodeenvir/bin/npm',
1 verbose cli   'start',
1 verbose cli   '--production' ]
2 info using npm@3.6.0
3 info using node@v5.6.0
4 verbose run-script [ 'prestart', 'start', 'poststart' ]
5 info lifecycle ghost@0.7.8~prestart: ghost@0.7.8
6 silly lifecycle ghost@0.7.8~prestart: no script for prestart, continuing
7 info lifecycle ghost@0.7.8~start: ghost@0.7.8
8 verbose lifecycle ghost@0.7.8~start: unsafe-perm in lifecycle true
9 verbose lifecycle ghost@0.7.8~start: PATH: /var/www/dh/nodeenvir/lib/node_modules/npm/bin/node-gyp-bin:/var/www/dh/production/node_modules/.bin:/usr/local/bin:/usr/bin:/root/scripts
10 verbose lifecycle ghost@0.7.8~start: CWD: /var/www/dh/production
11 silly lifecycle ghost@0.7.8~start: Args: [ '-c', 'node index' ]
12 info lifecycle ghost@0.7.8~start: Failed to exec start script
13 verbose stack Error: ghost@0.7.8 start: `node index`
13 verbose stack spawn ENOENT
13 verbose stack     at ChildProcess.<anonymous> (/var/www/dh/nodeenvir/lib/node_modules/npm/lib/utils/spawn.js:17:16)
13 verbose stack     at emitTwo (events.js:100:13)
13 verbose stack     at ChildProcess.emit (events.js:185:7)
13 verbose stack     at maybeClose (internal/child_process.js:827:16)
13 verbose stack     at Process.ChildProcess._handle.onexit (internal/child_process.js:211:5)
14 verbose pkgid ghost@0.7.8
15 verbose cwd /var/www/dh/production
16 error Linux 4.1.17-4-ARCH
17 error argv "/var/www/dh/nodeenvir/bin/node" "/var/www/dh/nodeenvir/bin/npm" "start" "--production"
18 error node v5.6.0
19 error npm  v3.6.0
20 error file sh
21 error code ELIFECYCLE
22 error errno ENOENT
23 error syscall spawn
24 error ghost@0.7.8 start: `node index`
24 error spawn ENOENT
25 error Failed at the ghost@0.7.8 start script 'node index'.
25 error Make sure you have the latest version of node.js and npm installed.
25 error If you do, this is most likely a problem with the ghost package,
25 error not with npm itself.
25 error Tell the author that this fails on your system:
25 error     node index
25 error You can get information on how to open an issue for this project with:
25 error     npm bugs ghost
25 error Or if that isn't available, you can get their info via:
25 error     npm owner ls ghost
25 error There is likely additional logging output above.
26 verbose exit [ 1, true ]
